[I 15:09:25.349 NotebookApp] [nb_conda_kernels] enabled, 12 kernels found
[I 15:09:26.298 NotebookApp] The port 8888 is already in use, trying another port.
[I 15:09:26.299 NotebookApp] The port 8889 is already in use, trying another port.
[I 15:09:26.299 NotebookApp] The port 8890 is already in use, trying another port.
[I 15:09:26.329 NotebookApp] [jupyter_nbextensions_configurator] enabled 0.4.1
[I 15:09:26.360 NotebookApp] JupyterLab extension loaded from /anaconda3/lib/python3.7/site-packages/jupyterlab
[I 15:09:26.361 NotebookApp] JupyterLab application directory is /anaconda3/share/jupyter/lab
[I 15:09:26.366 NotebookApp] [nb_conda] enabled
[I 15:09:26.366 NotebookApp] Serving notebooks from local directory: /Users/ed/Git/RecommenderSystem/CF
[I 15:09:26.366 NotebookApp] The Jupyter Notebook is running at:
[I 15:09:26.366 NotebookApp] http://localhost:8891/?token=12dbbfdfd1fdad84aa8374e93284e453b657a97bbb2c9113
[I 15:09:26.366 NotebookApp] Use Control-C to stop this server and shut down all kernels (twice to skip confirmation).
[C 15:09:26.373 NotebookApp] 
    
    To access the notebook, open this file in a browser:
        file:///Users/ed/Library/Jupyter/runtime/nbserver-79629-open.html
    Or copy and paste one of these URLs:
        http://localhost:8891/?token=12dbbfdfd1fdad84aa8374e93284e453b657a97bbb2c9113
[W 15:09:28.009 NotebookApp] [jupyter_nbextensions_configurator] nbextension 'rubberband/main' has duplicate listings in both '/anaconda3/share/jupyter/nbextensions/rubberband/rubberband.yaml' and '/Users/ed/Library/Jupyter/nbextensions/rubberband/rubberband.yaml'
[W 15:09:28.010 NotebookApp] [jupyter_nbextensions_configurator] nbextension 'scroll_down/main' has duplicate listings in both '/anaconda3/share/jupyter/nbextensions/scroll_down/config.yaml' and '/Users/ed/Library/Jupyter/nbextensions/scroll_down/config.yaml'
[W 15:09:28.011 NotebookApp] [jupyter_nbextensions_configurator] nbextension 'hinterland/hinterland' has duplicate listings in both '/anaconda3/share/jupyter/nbextensions/hinterland/hinterland.yaml' and '/Users/ed/Library/Jupyter/nbextensions/hinterland/hinterland.yaml'
[W 15:09:28.012 NotebookApp] [jupyter_nbextensions_configurator] nbextension 'snippets/main' has duplicate listings in both '/anaconda3/share/jupyter/nbextensions/snippets/snippets.yaml' and '/Users/ed/Library/Jupyter/nbextensions/snippets/snippets.yaml'
[W 15:09:28.013 NotebookApp] [jupyter_nbextensions_configurator] nbextension 'toggle_all_line_numbers/main' has duplicate listings in both '/anaconda3/share/jupyter/nbextensions/toggle_all_line_numbers/main.yaml' and '/Users/ed/Library/Jupyter/nbextensions/toggle_all_line_numbers/main.yaml'
[W 15:09:28.013 NotebookApp] [jupyter_nbextensions_configurator] nbextension 'notify/notify' has duplicate listings in both '/anaconda3/share/jupyter/nbextensions/notify/notify.yaml' and '/Users/ed/Library/Jupyter/nbextensions/notify/notify.yaml'
[W 15:09:28.015 NotebookApp] [jupyter_nbextensions_configurator] nbextension 'runtools/main' has duplicate listings in both '/anaconda3/share/jupyter/nbextensions/runtools/runtools.yaml' and '/Users/ed/Library/Jupyter/nbextensions/runtools/runtools.yaml'
[W 15:09:28.015 NotebookApp] [jupyter_nbextensions_configurator] nbextension 'tree-filter/index' has duplicate listings in both '/anaconda3/share/jupyter/nbextensions/tree-filter/tree-filter.yaml' and '/Users/ed/Library/Jupyter/nbextensions/tree-filter/tree-filter.yaml'
[W 15:09:28.016 NotebookApp] [jupyter_nbextensions_configurator] nbextension 'table_beautifier/main' has duplicate listings in both '/anaconda3/share/jupyter/nbextensions/table_beautifier/table_beautifier.yaml' and '/Users/ed/Library/Jupyter/nbextensions/table_beautifier/table_beautifier.yaml'
[W 15:09:28.017 NotebookApp] [jupyter_nbextensions_configurator] nbextension 'freeze/main' has duplicate listings in both '/anaconda3/share/jupyter/nbextensions/freeze/config.yaml' and '/Users/ed/Library/Jupyter/nbextensions/freeze/config.yaml'
[W 15:09:28.017 NotebookApp] [jupyter_nbextensions_configurator] nbextension 'exercise2/main' has duplicate listings in both '/anaconda3/share/jupyter/nbextensions/exercise2/exercise2.yaml' and '/Users/ed/Library/Jupyter/nbextensions/exercise2/exercise2.yaml'
[W 15:09:28.018 NotebookApp] [jupyter_nbextensions_configurator] nbextension 'execution_dependencies/execution_dependencies' has duplicate listings in both '/anaconda3/share/jupyter/nbextensions/execution_dependencies/execution_dependencies.yml' and '/Users/ed/Library/Jupyter/nbextensions/execution_dependencies/execution_dependencies.yml'
[W 15:09:28.019 NotebookApp] [jupyter_nbextensions_configurator] nbextension 'skill/main' has duplicate listings in both '/anaconda3/share/jupyter/nbextensions/skill/skill.yaml' and '/Users/ed/Library/Jupyter/nbextensions/skill/skill.yaml'
[W 15:09:28.019 NotebookApp] [jupyter_nbextensions_configurator] nbextension 'splitcell/splitcell' has duplicate listings in both '/anaconda3/share/jupyter/nbextensions/splitcell/splitcell.yaml' and '/Users/ed/Library/Jupyter/nbextensions/splitcell/splitcell.yaml'
[W 15:09:28.020 NotebookApp] [jupyter_nbextensions_configurator] nbextension 'autosavetime/main' has duplicate listings in both '/anaconda3/share/jupyter/nbextensions/autosavetime/autosavetime.yaml' and '/Users/ed/Library/Jupyter/nbextensions/autosavetime/autosavetime.yaml'
[W 15:09:28.021 NotebookApp] [jupyter_nbextensions_configurator] nbextension 'select_keymap/main' has duplicate listings in both '/anaconda3/share/jupyter/nbextensions/select_keymap/select_keymap.yaml' and '/Users/ed/Library/Jupyter/nbextensions/select_keymap/select_keymap.yaml'
[W 15:09:28.021 NotebookApp] [jupyter_nbextensions_configurator] nbextension 'livemdpreview/livemdpreview' has duplicate listings in both '/anaconda3/share/jupyter/nbextensions/livemdpreview/livemdpreview.yml' and '/Users/ed/Library/Jupyter/nbextensions/livemdpreview/livemdpreview.yml'
[W 15:09:28.022 NotebookApp] [jupyter_nbextensions_configurator] nbextension 'gist_it/main' has duplicate listings in both '/anaconda3/share/jupyter/nbextensions/gist_it/gist_it.yaml' and '/Users/ed/Library/Jupyter/nbextensions/gist_it/gist_it.yaml'
[W 15:09:28.022 NotebookApp] [jupyter_nbextensions_configurator] nbextension 'cell_filter/cell_filter' has duplicate listings in both '/anaconda3/share/jupyter/nbextensions/cell_filter/cell_filter.yml' and '/Users/ed/Library/Jupyter/nbextensions/cell_filter/cell_filter.yml'
[W 15:09:28.022 NotebookApp] [jupyter_nbextensions_configurator] nbextension 'scratchpad/main' has duplicate listings in both '/anaconda3/share/jupyter/nbextensions/scratchpad/scratchpad.yaml' and '/Users/ed/Library/Jupyter/nbextensions/scratchpad/scratchpad.yaml'
[W 15:09:28.024 NotebookApp] [jupyter_nbextensions_configurator] nbextension 'toc2/main' has duplicate listings in both '/anaconda3/share/jupyter/nbextensions/toc2/toc2.yaml' and '/Users/ed/Library/Jupyter/nbextensions/toc2/toc2.yaml'
[W 15:09:28.025 NotebookApp] [jupyter_nbextensions_configurator] nbextension 'nbTranslate/main' has duplicate listings in both '/anaconda3/share/jupyter/nbextensions/nbTranslate/nbTranslate.yaml' and '/Users/ed/Library/Jupyter/nbextensions/nbTranslate/nbTranslate.yaml'
[W 15:09:28.026 NotebookApp] [jupyter_nbextensions_configurator] nbextension 'equation-numbering/main' has duplicate listings in both '/anaconda3/share/jupyter/nbextensions/equation-numbering/info.yaml' and '/Users/ed/Library/Jupyter/nbextensions/equation-numbering/info.yaml'
[W 15:09:28.027 NotebookApp] [jupyter_nbextensions_configurator] nbextension 'navigation-hotkeys/main' has duplicate listings in both '/anaconda3/share/jupyter/nbextensions/navigation-hotkeys/hotkeys.yaml' and '/Users/ed/Library/Jupyter/nbextensions/navigation-hotkeys/hotkeys.yaml'
[W 15:09:28.028 NotebookApp] [jupyter_nbextensions_configurator] nbextension 'snippets_menu/main' has duplicate listings in both '/anaconda3/share/jupyter/nbextensions/snippets_menu/config.yaml' and '/Users/ed/Library/Jupyter/nbextensions/snippets_menu/config.yaml'
[W 15:09:28.029 NotebookApp] [jupyter_nbextensions_configurator] nbextension 'printview/main' has duplicate listings in both '/anaconda3/share/jupyter/nbextensions/printview/printview.yaml' and '/Users/ed/Library/Jupyter/nbextensions/printview/printview.yaml'
[W 15:09:28.030 NotebookApp] [jupyter_nbextensions_configurator] nbextension 'export_embedded/main' has duplicate listings in both '/anaconda3/share/jupyter/nbextensions/export_embedded/export_embedded.yaml' and '/Users/ed/Library/Jupyter/nbextensions/export_embedded/export_embedded.yaml'
[W 15:09:28.031 NotebookApp] [jupyter_nbextensions_configurator] nbextension 'autoscroll/main' has duplicate listings in both '/anaconda3/share/jupyter/nbextensions/autoscroll/autoscroll.yaml' and '/Users/ed/Library/Jupyter/nbextensions/autoscroll/autoscroll.yaml'
[W 15:09:28.031 NotebookApp] [jupyter_nbextensions_configurator] nbextension 'hide_input/main' has duplicate listings in both '/anaconda3/share/jupyter/nbextensions/hide_input/hide-input.yaml' and '/Users/ed/Library/Jupyter/nbextensions/hide_input/hide-input.yaml'
[W 15:09:28.032 NotebookApp] [jupyter_nbextensions_configurator] nbextension 'hide_input_all/main' has duplicate listings in both '/anaconda3/share/jupyter/nbextensions/hide_input_all/hide_input_all.yaml' and '/Users/ed/Library/Jupyter/nbextensions/hide_input_all/hide_input_all.yaml'
[W 15:09:28.033 NotebookApp] [jupyter_nbextensions_configurator] nbextension 'keyboard_shortcut_editor/main' has duplicate listings in both '/anaconda3/share/jupyter/nbextensions/keyboard_shortcut_editor/keyboard_shortcut_editor.yaml' and '/Users/ed/Library/Jupyter/nbextensions/keyboard_shortcut_editor/keyboard_shortcut_editor.yaml'
[W 15:09:28.033 NotebookApp] [jupyter_nbextensions_configurator] nbextension 'help_panel/help_panel' has duplicate listings in both '/anaconda3/share/jupyter/nbextensions/help_panel/help_panel.yaml' and '/Users/ed/Library/Jupyter/nbextensions/help_panel/help_panel.yaml'
[W 15:09:28.034 NotebookApp] [jupyter_nbextensions_configurator] nbextension 'move_selected_cells/main' has duplicate listings in both '/anaconda3/share/jupyter/nbextensions/move_selected_cells/move_selected_cells.yaml' and '/Users/ed/Library/Jupyter/nbextensions/move_selected_cells/move_selected_cells.yaml'
[W 15:09:28.035 NotebookApp] [jupyter_nbextensions_configurator] nbextension 'zenmode/main' has duplicate listings in both '/anaconda3/share/jupyter/nbextensions/zenmode/zenmode.yaml' and '/Users/ed/Library/Jupyter/nbextensions/zenmode/zenmode.yaml'
[W 15:09:28.036 NotebookApp] [jupyter_nbextensions_configurator] nbextension 'skip-traceback/main' has duplicate listings in both '/anaconda3/share/jupyter/nbextensions/skip-traceback/skip-traceback.yaml' and '/Users/ed/Library/Jupyter/nbextensions/skip-traceback/skip-traceback.yaml'
[W 15:09:28.036 NotebookApp] [jupyter_nbextensions_configurator] nbextension 'python-markdown/main' has duplicate listings in both '/anaconda3/share/jupyter/nbextensions/python-markdown/python-markdown.yaml' and '/Users/ed/Library/Jupyter/nbextensions/python-markdown/python-markdown.yaml'
[W 15:09:28.037 NotebookApp] [jupyter_nbextensions_configurator] nbextension 'codefolding/edit' has duplicate listings in both '/anaconda3/share/jupyter/nbextensions/codefolding/codefolding_editor.yaml' and '/Users/ed/Library/Jupyter/nbextensions/codefolding/codefolding_editor.yaml'
[W 15:09:28.038 NotebookApp] [jupyter_nbextensions_configurator] nbextension 'codefolding/main' has duplicate listings in both '/anaconda3/share/jupyter/nbextensions/codefolding/codefolding.yaml' and '/Users/ed/Library/Jupyter/nbextensions/codefolding/codefolding.yaml'
[W 15:09:28.040 NotebookApp] [jupyter_nbextensions_configurator] nbextension 'collapsible_headings/main' has duplicate listings in both '/anaconda3/share/jupyter/nbextensions/collapsible_headings/collapsible_headings.yaml' and '/Users/ed/Library/Jupyter/nbextensions/collapsible_headings/collapsible_headings.yaml'
[W 15:09:28.040 NotebookApp] [jupyter_nbextensions_configurator] nbextension 'exercise/main' has duplicate listings in both '/anaconda3/share/jupyter/nbextensions/exercise/exercise.yaml' and '/Users/ed/Library/Jupyter/nbextensions/exercise/exercise.yaml'
[W 15:09:28.041 NotebookApp] [jupyter_nbextensions_configurator] nbextension 'codemirror_mode_extensions/main' has duplicate listings in both '/anaconda3/share/jupyter/nbextensions/codemirror_mode_extensions/codemirror_mode_extensions.yaml' and '/Users/ed/Library/Jupyter/nbextensions/codemirror_mode_extensions/codemirror_mode_extensions.yaml'
[W 15:09:28.042 NotebookApp] [jupyter_nbextensions_configurator] nbextension 'ruler/edit' has duplicate listings in both '/anaconda3/share/jupyter/nbextensions/ruler/ruler_editor.yaml' and '/Users/ed/Library/Jupyter/nbextensions/ruler/ruler_editor.yaml'
[W 15:09:28.043 NotebookApp] [jupyter_nbextensions_configurator] nbextension 'ruler/main' has duplicate listings in both '/anaconda3/share/jupyter/nbextensions/ruler/ruler.yaml' and '/Users/ed/Library/Jupyter/nbextensions/ruler/ruler.yaml'
[W 15:09:28.045 NotebookApp] [jupyter_nbextensions_configurator] nbextension 'highlight_selected_word/main' has duplicate listings in both '/anaconda3/share/jupyter/nbextensions/highlight_selected_word/configurator.yaml' and '/Users/ed/Library/Jupyter/nbextensions/highlight_selected_word/configurator.yaml'
[W 15:09:28.045 NotebookApp] [jupyter_nbextensions_configurator] nbextension 'contrib_nbextensions_help_item/main' has duplicate listings in both '/anaconda3/share/jupyter/nbextensions/contrib_nbextensions_help_item/contrib_nbextensions_help_item.yaml' and '/Users/ed/Library/Jupyter/nbextensions/contrib_nbextensions_help_item/contrib_nbextensions_help_item.yaml'
[W 15:09:28.046 NotebookApp] [jupyter_nbextensions_configurator] nbextension 'datestamper/main' has duplicate listings in both '/anaconda3/share/jupyter/nbextensions/datestamper/main.yaml' and '/Users/ed/Library/Jupyter/nbextensions/datestamper/main.yaml'
[W 15:09:28.046 NotebookApp] [jupyter_nbextensions_configurator] nbextension 'init_cell/main' has duplicate listings in both '/anaconda3/share/jupyter/nbextensions/init_cell/init_cell.yaml' and '/Users/ed/Library/Jupyter/nbextensions/init_cell/init_cell.yaml'
[W 15:09:28.047 NotebookApp] [jupyter_nbextensions_configurator] nbextension 'limit_output/main' has duplicate listings in both '/anaconda3/share/jupyter/nbextensions/limit_output/limit-output.yaml' and '/Users/ed/Library/Jupyter/nbextensions/limit_output/limit-output.yaml'
[W 15:09:28.048 NotebookApp] [jupyter_nbextensions_configurator] nbextension 'qtconsole/qtconsole' has duplicate listings in both '/anaconda3/share/jupyter/nbextensions/qtconsole/qtconsole.yaml' and '/Users/ed/Library/Jupyter/nbextensions/qtconsole/qtconsole.yaml'
[W 15:09:28.048 NotebookApp] [jupyter_nbextensions_configurator] nbextension 'addbefore/main' has duplicate listings in both '/anaconda3/share/jupyter/nbextensions/addbefore/addbefore.yaml' and '/Users/ed/Library/Jupyter/nbextensions/addbefore/addbefore.yaml'
[W 15:09:28.049 NotebookApp] [jupyter_nbextensions_configurator] nbextension 'highlighter/highlighter' has duplicate listings in both '/anaconda3/share/jupyter/nbextensions/highlighter/highlighter.yaml' and '/Users/ed/Library/Jupyter/nbextensions/highlighter/highlighter.yaml'
[W 15:09:28.050 NotebookApp] [jupyter_nbextensions_configurator] nbextension 'comment-uncomment/main' has duplicate listings in both '/anaconda3/share/jupyter/nbextensions/comment-uncomment/comment-uncomment.yaml' and '/Users/ed/Library/Jupyter/nbextensions/comment-uncomment/comment-uncomment.yaml'
[W 15:09:28.051 NotebookApp] [jupyter_nbextensions_configurator] nbextension 'code_font_size/code_font_size' has duplicate listings in both '/anaconda3/share/jupyter/nbextensions/code_font_size/code_font_size.yaml' and '/Users/ed/Library/Jupyter/nbextensions/code_font_size/code_font_size.yaml'
[W 15:09:28.051 NotebookApp] [jupyter_nbextensions_configurator] nbextension 'varInspector/main' has duplicate listings in both '/anaconda3/share/jupyter/nbextensions/varInspector/varInspector.yaml' and '/Users/ed/Library/Jupyter/nbextensions/varInspector/varInspector.yaml'
[W 15:09:28.053 NotebookApp] [jupyter_nbextensions_configurator] nbextension 'latex_envs/latex_envs' has duplicate listings in both '/anaconda3/share/jupyter/nbextensions/latex_envs/latex_envs.yaml' and '/Users/ed/Library/Jupyter/nbextensions/latex_envs/latex_envs.yaml'
[W 15:09:28.054 NotebookApp] [jupyter_nbextensions_configurator] nbextension 'execute_time/ExecuteTime' has duplicate listings in both '/anaconda3/share/jupyter/nbextensions/execute_time/ExecuteTime.yaml' and '/Users/ed/Library/Jupyter/nbextensions/execute_time/ExecuteTime.yaml'
[W 15:09:28.055 NotebookApp] [jupyter_nbextensions_configurator] nbextension 'spellchecker/main' has duplicate listings in both '/anaconda3/share/jupyter/nbextensions/spellchecker/config.yaml' and '/Users/ed/Library/Jupyter/nbextensions/spellchecker/config.yaml'
[W 15:09:28.056 NotebookApp] [jupyter_nbextensions_configurator] nbextension 'code_prettify/2to3' has duplicate listings in both '/anaconda3/share/jupyter/nbextensions/code_prettify/2to3.yaml' and '/Users/ed/Library/Jupyter/nbextensions/code_prettify/2to3.yaml'
[W 15:09:28.057 NotebookApp] [jupyter_nbextensions_configurator] nbextension 'code_prettify/code_prettify' has duplicate listings in both '/anaconda3/share/jupyter/nbextensions/code_prettify/code_prettify.yaml' and '/Users/ed/Library/Jupyter/nbextensions/code_prettify/code_prettify.yaml'
[W 15:09:28.058 NotebookApp] [jupyter_nbextensions_configurator] nbextension 'code_prettify/autopep8' has duplicate listings in both '/anaconda3/share/jupyter/nbextensions/code_prettify/autopep8.yaml' and '/Users/ed/Library/Jupyter/nbextensions/code_prettify/autopep8.yaml'
[W 15:09:28.059 NotebookApp] [jupyter_nbextensions_configurator] nbextension 'code_prettify/isort' has duplicate listings in both '/anaconda3/share/jupyter/nbextensions/code_prettify/isort.yaml' and '/Users/ed/Library/Jupyter/nbextensions/code_prettify/isort.yaml'
[W 15:09:28.059 NotebookApp] [jupyter_nbextensions_configurator] nbextension 'load_tex_macros/main' has duplicate listings in both '/anaconda3/share/jupyter/nbextensions/load_tex_macros/load_tex_macros.yaml' and '/Users/ed/Library/Jupyter/nbextensions/load_tex_macros/load_tex_macros.yaml'
[W 15:09:28.060 NotebookApp] [jupyter_nbextensions_configurator] nbextension 'hide_header/main' has duplicate listings in both '/anaconda3/share/jupyter/nbextensions/hide_header/hide_header.yaml' and '/Users/ed/Library/Jupyter/nbextensions/hide_header/hide_header.yaml'
[I 15:09:30.709 NotebookApp] Kernel started: 1bac8211-dd39-402a-97a9-df20b5bb0ebd
[W 15:09:31.162 NotebookApp] 404 GET /api/kernels/44f5e28d-fe99-4116-bad5-f2bc2d3fbab2/channels?session_id=4b761c22298d4575a52e98e8a6333014 (127.0.0.1): Kernel does not exist: 44f5e28d-fe99-4116-bad5-f2bc2d3fbab2
[W 15:09:31.170 NotebookApp] 404 GET /api/kernels/44f5e28d-fe99-4116-bad5-f2bc2d3fbab2/channels?session_id=4b761c22298d4575a52e98e8a6333014 (127.0.0.1) 9.85ms referer=None
[W 15:09:32.098 NotebookApp] 404 GET /api/kernels/44f5e28d-fe99-4116-bad5-f2bc2d3fbab2/channels?session_id=9e72f3b880994381a7c6f80aad748dba (127.0.0.1): Kernel does not exist: 44f5e28d-fe99-4116-bad5-f2bc2d3fbab2
[W 15:09:32.102 NotebookApp] 404 GET /api/kernels/44f5e28d-fe99-4116-bad5-f2bc2d3fbab2/channels?session_id=9e72f3b880994381a7c6f80aad748dba (127.0.0.1) 5.27ms referer=None
[I 15:09:44.469 NotebookApp] interrupted
Serving notebooks from local directory: /Users/ed/Git/RecommenderSystem/CF
1 active kernel
The Jupyter Notebook is running at:
http://localhost:8891/?token=12dbbfdfd1fdad84aa8374e93284e453b657a97bbb2c9113
Shutdown this notebook server (y/[n])? [I 15:09:46.168 NotebookApp] interrupted
resuming operation...
Serving notebooks from local directory: /Users/ed/Git/RecommenderSystem/CF
1 active kernel
The Jupyter Notebook is running at:
http://localhost:8891/?token=12dbbfdfd1fdad84aa8374e93284e453b657a97bbb2c9113
Shutdown this notebook server (y/[n])? [W 15:09:47.178 NotebookApp] Replacing stale connection: 44f5e28d-fe99-4116-bad5-f2bc2d3fbab2:4b761c22298d4575a52e98e8a6333014
[W 15:09:48.115 NotebookApp] Replacing stale connection: 44f5e28d-fe99-4116-bad5-f2bc2d3fbab2:9e72f3b880994381a7c6f80aad748dba
[I 15:09:48.892 NotebookApp] interrupted
resuming operation...
Serving notebooks from local directory: /Users/ed/Git/RecommenderSystem/CF
1 active kernel
The Jupyter Notebook is running at:
http://localhost:8891/?token=12dbbfdfd1fdad84aa8374e93284e453b657a97bbb2c9113
Shutdown this notebook server (y/[n])? [I 15:09:55.249 NotebookApp] interrupted
resuming operation...
Serving notebooks from local directory: /Users/ed/Git/RecommenderSystem/CF
1 active kernel
The Jupyter Notebook is running at:
http://localhost:8891/?token=12dbbfdfd1fdad84aa8374e93284e453b657a97bbb2c9113
Shutdown this notebook server (y/[n])? [I 15:10:39.424 NotebookApp] [nb_conda_kernels] enabled, 12 kernels found
[I 15:10:40.331 NotebookApp] The port 8888 is already in use, trying another port.
[I 15:10:40.332 NotebookApp] The port 8889 is already in use, trying another port.
[I 15:10:40.332 NotebookApp] The port 8890 is already in use, trying another port.
[I 15:10:40.333 NotebookApp] The port 8891 is already in use, trying another port.
[I 15:10:40.367 NotebookApp] [jupyter_nbextensions_configurator] enabled 0.4.1
[I 15:10:40.400 NotebookApp] JupyterLab extension loaded from /anaconda3/lib/python3.7/site-packages/jupyterlab
[I 15:10:40.400 NotebookApp] JupyterLab application directory is /anaconda3/share/jupyter/lab
[I 15:10:40.406 NotebookApp] [nb_conda] enabled
[I 15:10:40.406 NotebookApp] Serving notebooks from local directory: /Users/ed/Git/RecommenderSystem/CF
[I 15:10:40.406 NotebookApp] The Jupyter Notebook is running at:
[I 15:10:40.406 NotebookApp] http://localhost:8892/?token=87f4b8f0a3e30204d6582a8d736fe0005c2deeba464c20f3
[I 15:10:40.406 NotebookApp] Use Control-C to stop this server and shut down all kernels (twice to skip confirmation).
[C 15:10:40.414 NotebookApp] 
    
    To access the notebook, open this file in a browser:
        file:///Users/ed/Library/Jupyter/runtime/nbserver-79972-open.html
    Or copy and paste one of these URLs:
        http://localhost:8892/?token=87f4b8f0a3e30204d6582a8d736fe0005c2deeba464c20f3
[I 15:10:41.092 NotebookApp] Starting buffering for 1bac8211-dd39-402a-97a9-df20b5bb0ebd:80f60a298105439096a8d5fabb9186bf
[W 15:10:42.108 NotebookApp] [jupyter_nbextensions_configurator] nbextension 'rubberband/main' has duplicate listings in both '/anaconda3/share/jupyter/nbextensions/rubberband/rubberband.yaml' and '/Users/ed/Library/Jupyter/nbextensions/rubberband/rubberband.yaml'
[W 15:10:42.109 NotebookApp] [jupyter_nbextensions_configurator] nbextension 'scroll_down/main' has duplicate listings in both '/anaconda3/share/jupyter/nbextensions/scroll_down/config.yaml' and '/Users/ed/Library/Jupyter/nbextensions/scroll_down/config.yaml'
[W 15:10:42.110 NotebookApp] [jupyter_nbextensions_configurator] nbextension 'hinterland/hinterland' has duplicate listings in both '/anaconda3/share/jupyter/nbextensions/hinterland/hinterland.yaml' and '/Users/ed/Library/Jupyter/nbextensions/hinterland/hinterland.yaml'
[W 15:10:42.110 NotebookApp] [jupyter_nbextensions_configurator] nbextension 'snippets/main' has duplicate listings in both '/anaconda3/share/jupyter/nbextensions/snippets/snippets.yaml' and '/Users/ed/Library/Jupyter/nbextensions/snippets/snippets.yaml'
[W 15:10:42.111 NotebookApp] [jupyter_nbextensions_configurator] nbextension 'toggle_all_line_numbers/main' has duplicate listings in both '/anaconda3/share/jupyter/nbextensions/toggle_all_line_numbers/main.yaml' and '/Users/ed/Library/Jupyter/nbextensions/toggle_all_line_numbers/main.yaml'
[W 15:10:42.112 NotebookApp] [jupyter_nbextensions_configurator] nbextension 'notify/notify' has duplicate listings in both '/anaconda3/share/jupyter/nbextensions/notify/notify.yaml' and '/Users/ed/Library/Jupyter/nbextensions/notify/notify.yaml'
[W 15:10:42.113 NotebookApp] [jupyter_nbextensions_configurator] nbextension 'runtools/main' has duplicate listings in both '/anaconda3/share/jupyter/nbextensions/runtools/runtools.yaml' and '/Users/ed/Library/Jupyter/nbextensions/runtools/runtools.yaml'
[W 15:10:42.114 NotebookApp] [jupyter_nbextensions_configurator] nbextension 'tree-filter/index' has duplicate listings in both '/anaconda3/share/jupyter/nbextensions/tree-filter/tree-filter.yaml' and '/Users/ed/Library/Jupyter/nbextensions/tree-filter/tree-filter.yaml'
[W 15:10:42.115 NotebookApp] [jupyter_nbextensions_configurator] nbextension 'table_beautifier/main' has duplicate listings in both '/anaconda3/share/jupyter/nbextensions/table_beautifier/table_beautifier.yaml' and '/Users/ed/Library/Jupyter/nbextensions/table_beautifier/table_beautifier.yaml'
[W 15:10:42.115 NotebookApp] [jupyter_nbextensions_configurator] nbextension 'freeze/main' has duplicate listings in both '/anaconda3/share/jupyter/nbextensions/freeze/config.yaml' and '/Users/ed/Library/Jupyter/nbextensions/freeze/config.yaml'
[W 15:10:42.116 NotebookApp] [jupyter_nbextensions_configurator] nbextension 'exercise2/main' has duplicate listings in both '/anaconda3/share/jupyter/nbextensions/exercise2/exercise2.yaml' and '/Users/ed/Library/Jupyter/nbextensions/exercise2/exercise2.yaml'
[W 15:10:42.117 NotebookApp] [jupyter_nbextensions_configurator] nbextension 'execution_dependencies/execution_dependencies' has duplicate listings in both '/anaconda3/share/jupyter/nbextensions/execution_dependencies/execution_dependencies.yml' and '/Users/ed/Library/Jupyter/nbextensions/execution_dependencies/execution_dependencies.yml'
[W 15:10:42.118 NotebookApp] [jupyter_nbextensions_configurator] nbextension 'skill/main' has duplicate listings in both '/anaconda3/share/jupyter/nbextensions/skill/skill.yaml' and '/Users/ed/Library/Jupyter/nbextensions/skill/skill.yaml'
[W 15:10:42.118 NotebookApp] [jupyter_nbextensions_configurator] nbextension 'splitcell/splitcell' has duplicate listings in both '/anaconda3/share/jupyter/nbextensions/splitcell/splitcell.yaml' and '/Users/ed/Library/Jupyter/nbextensions/splitcell/splitcell.yaml'
[W 15:10:42.119 NotebookApp] [jupyter_nbextensions_configurator] nbextension 'autosavetime/main' has duplicate listings in both '/anaconda3/share/jupyter/nbextensions/autosavetime/autosavetime.yaml' and '/Users/ed/Library/Jupyter/nbextensions/autosavetime/autosavetime.yaml'
[W 15:10:42.120 NotebookApp] [jupyter_nbextensions_configurator] nbextension 'select_keymap/main' has duplicate listings in both '/anaconda3/share/jupyter/nbextensions/select_keymap/select_keymap.yaml' and '/Users/ed/Library/Jupyter/nbextensions/select_keymap/select_keymap.yaml'
[W 15:10:42.121 NotebookApp] [jupyter_nbextensions_configurator] nbextension 'livemdpreview/livemdpreview' has duplicate listings in both '/anaconda3/share/jupyter/nbextensions/livemdpreview/livemdpreview.yml' and '/Users/ed/Library/Jupyter/nbextensions/livemdpreview/livemdpreview.yml'
[W 15:10:42.122 NotebookApp] [jupyter_nbextensions_configurator] nbextension 'gist_it/main' has duplicate listings in both '/anaconda3/share/jupyter/nbextensions/gist_it/gist_it.yaml' and '/Users/ed/Library/Jupyter/nbextensions/gist_it/gist_it.yaml'
[W 15:10:42.123 NotebookApp] [jupyter_nbextensions_configurator] nbextension 'cell_filter/cell_filter' has duplicate listings in both '/anaconda3/share/jupyter/nbextensions/cell_filter/cell_filter.yml' and '/Users/ed/Library/Jupyter/nbextensions/cell_filter/cell_filter.yml'
[W 15:10:42.123 NotebookApp] [jupyter_nbextensions_configurator] nbextension 'scratchpad/main' has duplicate listings in both '/anaconda3/share/jupyter/nbextensions/scratchpad/scratchpad.yaml' and '/Users/ed/Library/Jupyter/nbextensions/scratchpad/scratchpad.yaml'
[W 15:10:42.125 NotebookApp] [jupyter_nbextensions_configurator] nbextension 'toc2/main' has duplicate listings in both '/anaconda3/share/jupyter/nbextensions/toc2/toc2.yaml' and '/Users/ed/Library/Jupyter/nbextensions/toc2/toc2.yaml'
[W 15:10:42.127 NotebookApp] [jupyter_nbextensions_configurator] nbextension 'nbTranslate/main' has duplicate listings in both '/anaconda3/share/jupyter/nbextensions/nbTranslate/nbTranslate.yaml' and '/Users/ed/Library/Jupyter/nbextensions/nbTranslate/nbTranslate.yaml'
[W 15:10:42.127 NotebookApp] [jupyter_nbextensions_configurator] nbextension 'equation-numbering/main' has duplicate listings in both '/anaconda3/share/jupyter/nbextensions/equation-numbering/info.yaml' and '/Users/ed/Library/Jupyter/nbextensions/equation-numbering/info.yaml'
[W 15:10:42.128 NotebookApp] [jupyter_nbextensions_configurator] nbextension 'navigation-hotkeys/main' has duplicate listings in both '/anaconda3/share/jupyter/nbextensions/navigation-hotkeys/hotkeys.yaml' and '/Users/ed/Library/Jupyter/nbextensions/navigation-hotkeys/hotkeys.yaml'
[W 15:10:42.130 NotebookApp] [jupyter_nbextensions_configurator] nbextension 'snippets_menu/main' has duplicate listings in both '/anaconda3/share/jupyter/nbextensions/snippets_menu/config.yaml' and '/Users/ed/Library/Jupyter/nbextensions/snippets_menu/config.yaml'
[W 15:10:42.135 NotebookApp] [jupyter_nbextensions_configurator] nbextension 'printview/main' has duplicate listings in both '/anaconda3/share/jupyter/nbextensions/printview/printview.yaml' and '/Users/ed/Library/Jupyter/nbextensions/printview/printview.yaml'
[W 15:10:42.136 NotebookApp] [jupyter_nbextensions_configurator] nbextension 'export_embedded/main' has duplicate listings in both '/anaconda3/share/jupyter/nbextensions/export_embedded/export_embedded.yaml' and '/Users/ed/Library/Jupyter/nbextensions/export_embedded/export_embedded.yaml'
[W 15:10:42.137 NotebookApp] [jupyter_nbextensions_configurator] nbextension 'autoscroll/main' has duplicate listings in both '/anaconda3/share/jupyter/nbextensions/autoscroll/autoscroll.yaml' and '/Users/ed/Library/Jupyter/nbextensions/autoscroll/autoscroll.yaml'
[W 15:10:42.138 NotebookApp] [jupyter_nbextensions_configurator] nbextension 'hide_input/main' has duplicate listings in both '/anaconda3/share/jupyter/nbextensions/hide_input/hide-input.yaml' and '/Users/ed/Library/Jupyter/nbextensions/hide_input/hide-input.yaml'
[W 15:10:42.139 NotebookApp] [jupyter_nbextensions_configurator] nbextension 'hide_input_all/main' has duplicate listings in both '/anaconda3/share/jupyter/nbextensions/hide_input_all/hide_input_all.yaml' and '/Users/ed/Library/Jupyter/nbextensions/hide_input_all/hide_input_all.yaml'
[W 15:10:42.140 NotebookApp] [jupyter_nbextensions_configurator] nbextension 'keyboard_shortcut_editor/main' has duplicate listings in both '/anaconda3/share/jupyter/nbextensions/keyboard_shortcut_editor/keyboard_shortcut_editor.yaml' and '/Users/ed/Library/Jupyter/nbextensions/keyboard_shortcut_editor/keyboard_shortcut_editor.yaml'
[W 15:10:42.141 NotebookApp] [jupyter_nbextensions_configurator] nbextension 'help_panel/help_panel' has duplicate listings in both '/anaconda3/share/jupyter/nbextensions/help_panel/help_panel.yaml' and '/Users/ed/Library/Jupyter/nbextensions/help_panel/help_panel.yaml'
[W 15:10:42.142 NotebookApp] [jupyter_nbextensions_configurator] nbextension 'move_selected_cells/main' has duplicate listings in both '/anaconda3/share/jupyter/nbextensions/move_selected_cells/move_selected_cells.yaml' and '/Users/ed/Library/Jupyter/nbextensions/move_selected_cells/move_selected_cells.yaml'
[W 15:10:42.143 NotebookApp] [jupyter_nbextensions_configurator] nbextension 'zenmode/main' has duplicate listings in both '/anaconda3/share/jupyter/nbextensions/zenmode/zenmode.yaml' and '/Users/ed/Library/Jupyter/nbextensions/zenmode/zenmode.yaml'
[W 15:10:42.144 NotebookApp] [jupyter_nbextensions_configurator] nbextension 'skip-traceback/main' has duplicate listings in both '/anaconda3/share/jupyter/nbextensions/skip-traceback/skip-traceback.yaml' and '/Users/ed/Library/Jupyter/nbextensions/skip-traceback/skip-traceback.yaml'
[W 15:10:42.145 NotebookApp] [jupyter_nbextensions_configurator] nbextension 'python-markdown/main' has duplicate listings in both '/anaconda3/share/jupyter/nbextensions/python-markdown/python-markdown.yaml' and '/Users/ed/Library/Jupyter/nbextensions/python-markdown/python-markdown.yaml'
[W 15:10:42.146 NotebookApp] [jupyter_nbextensions_configurator] nbextension 'codefolding/edit' has duplicate listings in both '/anaconda3/share/jupyter/nbextensions/codefolding/codefolding_editor.yaml' and '/Users/ed/Library/Jupyter/nbextensions/codefolding/codefolding_editor.yaml'
[W 15:10:42.147 NotebookApp] [jupyter_nbextensions_configurator] nbextension 'codefolding/main' has duplicate listings in both '/anaconda3/share/jupyter/nbextensions/codefolding/codefolding.yaml' and '/Users/ed/Library/Jupyter/nbextensions/codefolding/codefolding.yaml'
[W 15:10:42.149 NotebookApp] [jupyter_nbextensions_configurator] nbextension 'collapsible_headings/main' has duplicate listings in both '/anaconda3/share/jupyter/nbextensions/collapsible_headings/collapsible_headings.yaml' and '/Users/ed/Library/Jupyter/nbextensions/collapsible_headings/collapsible_headings.yaml'
[W 15:10:42.150 NotebookApp] [jupyter_nbextensions_configurator] nbextension 'exercise/main' has duplicate listings in both '/anaconda3/share/jupyter/nbextensions/exercise/exercise.yaml' and '/Users/ed/Library/Jupyter/nbextensions/exercise/exercise.yaml'
[W 15:10:42.151 NotebookApp] [jupyter_nbextensions_configurator] nbextension 'codemirror_mode_extensions/main' has duplicate listings in both '/anaconda3/share/jupyter/nbextensions/codemirror_mode_extensions/codemirror_mode_extensions.yaml' and '/Users/ed/Library/Jupyter/nbextensions/codemirror_mode_extensions/codemirror_mode_extensions.yaml'
[W 15:10:42.152 NotebookApp] [jupyter_nbextensions_configurator] nbextension 'ruler/edit' has duplicate listings in both '/anaconda3/share/jupyter/nbextensions/ruler/ruler_editor.yaml' and '/Users/ed/Library/Jupyter/nbextensions/ruler/ruler_editor.yaml'
[W 15:10:42.153 NotebookApp] [jupyter_nbextensions_configurator] nbextension 'ruler/main' has duplicate listings in both '/anaconda3/share/jupyter/nbextensions/ruler/ruler.yaml' and '/Users/ed/Library/Jupyter/nbextensions/ruler/ruler.yaml'
[W 15:10:42.156 NotebookApp] [jupyter_nbextensions_configurator] nbextension 'highlight_selected_word/main' has duplicate listings in both '/anaconda3/share/jupyter/nbextensions/highlight_selected_word/configurator.yaml' and '/Users/ed/Library/Jupyter/nbextensions/highlight_selected_word/configurator.yaml'
[W 15:10:42.157 NotebookApp] [jupyter_nbextensions_configurator] nbextension 'contrib_nbextensions_help_item/main' has duplicate listings in both '/anaconda3/share/jupyter/nbextensions/contrib_nbextensions_help_item/contrib_nbextensions_help_item.yaml' and '/Users/ed/Library/Jupyter/nbextensions/contrib_nbextensions_help_item/contrib_nbextensions_help_item.yaml'
[W 15:10:42.158 NotebookApp] [jupyter_nbextensions_configurator] nbextension 'datestamper/main' has duplicate listings in both '/anaconda3/share/jupyter/nbextensions/datestamper/main.yaml' and '/Users/ed/Library/Jupyter/nbextensions/datestamper/main.yaml'
[W 15:10:42.159 NotebookApp] [jupyter_nbextensions_configurator] nbextension 'init_cell/main' has duplicate listings in both '/anaconda3/share/jupyter/nbextensions/init_cell/init_cell.yaml' and '/Users/ed/Library/Jupyter/nbextensions/init_cell/init_cell.yaml'
[W 15:10:42.160 NotebookApp] [jupyter_nbextensions_configurator] nbextension 'limit_output/main' has duplicate listings in both '/anaconda3/share/jupyter/nbextensions/limit_output/limit-output.yaml' and '/Users/ed/Library/Jupyter/nbextensions/limit_output/limit-output.yaml'
[W 15:10:42.161 NotebookApp] [jupyter_nbextensions_configurator] nbextension 'qtconsole/qtconsole' has duplicate listings in both '/anaconda3/share/jupyter/nbextensions/qtconsole/qtconsole.yaml' and '/Users/ed/Library/Jupyter/nbextensions/qtconsole/qtconsole.yaml'
[W 15:10:42.162 NotebookApp] [jupyter_nbextensions_configurator] nbextension 'addbefore/main' has duplicate listings in both '/anaconda3/share/jupyter/nbextensions/addbefore/addbefore.yaml' and '/Users/ed/Library/Jupyter/nbextensions/addbefore/addbefore.yaml'
[W 15:10:42.163 NotebookApp] [jupyter_nbextensions_configurator] nbextension 'highlighter/highlighter' has duplicate listings in both '/anaconda3/share/jupyter/nbextensions/highlighter/highlighter.yaml' and '/Users/ed/Library/Jupyter/nbextensions/highlighter/highlighter.yaml'
[W 15:10:42.164 NotebookApp] [jupyter_nbextensions_configurator] nbextension 'comment-uncomment/main' has duplicate listings in both '/anaconda3/share/jupyter/nbextensions/comment-uncomment/comment-uncomment.yaml' and '/Users/ed/Library/Jupyter/nbextensions/comment-uncomment/comment-uncomment.yaml'
[W 15:10:42.165 NotebookApp] [jupyter_nbextensions_configurator] nbextension 'code_font_size/code_font_size' has duplicate listings in both '/anaconda3/share/jupyter/nbextensions/code_font_size/code_font_size.yaml' and '/Users/ed/Library/Jupyter/nbextensions/code_font_size/code_font_size.yaml'
[W 15:10:42.166 NotebookApp] [jupyter_nbextensions_configurator] nbextension 'varInspector/main' has duplicate listings in both '/anaconda3/share/jupyter/nbextensions/varInspector/varInspector.yaml' and '/Users/ed/Library/Jupyter/nbextensions/varInspector/varInspector.yaml'
[W 15:10:42.168 NotebookApp] [jupyter_nbextensions_configurator] nbextension 'latex_envs/latex_envs' has duplicate listings in both '/anaconda3/share/jupyter/nbextensions/latex_envs/latex_envs.yaml' and '/Users/ed/Library/Jupyter/nbextensions/latex_envs/latex_envs.yaml'
[W 15:10:42.169 NotebookApp] [jupyter_nbextensions_configurator] nbextension 'execute_time/ExecuteTime' has duplicate listings in both '/anaconda3/share/jupyter/nbextensions/execute_time/ExecuteTime.yaml' and '/Users/ed/Library/Jupyter/nbextensions/execute_time/ExecuteTime.yaml'
[W 15:10:42.171 NotebookApp] [jupyter_nbextensions_configurator] nbextension 'spellchecker/main' has duplicate listings in both '/anaconda3/share/jupyter/nbextensions/spellchecker/config.yaml' and '/Users/ed/Library/Jupyter/nbextensions/spellchecker/config.yaml'
[W 15:10:42.173 NotebookApp] [jupyter_nbextensions_configurator] nbextension 'code_prettify/2to3' has duplicate listings in both '/anaconda3/share/jupyter/nbextensions/code_prettify/2to3.yaml' and '/Users/ed/Library/Jupyter/nbextensions/code_prettify/2to3.yaml'
[W 15:10:42.174 NotebookApp] [jupyter_nbextensions_configurator] nbextension 'code_prettify/code_prettify' has duplicate listings in both '/anaconda3/share/jupyter/nbextensions/code_prettify/code_prettify.yaml' and '/Users/ed/Library/Jupyter/nbextensions/code_prettify/code_prettify.yaml'
[W 15:10:42.176 NotebookApp] [jupyter_nbextensions_configurator] nbextension 'code_prettify/autopep8' has duplicate listings in both '/anaconda3/share/jupyter/nbextensions/code_prettify/autopep8.yaml' and '/Users/ed/Library/Jupyter/nbextensions/code_prettify/autopep8.yaml'
[W 15:10:42.177 NotebookApp] [jupyter_nbextensions_configurator] nbextension 'code_prettify/isort' has duplicate listings in both '/anaconda3/share/jupyter/nbextensions/code_prettify/isort.yaml' and '/Users/ed/Library/Jupyter/nbextensions/code_prettify/isort.yaml'
[W 15:10:42.178 NotebookApp] [jupyter_nbextensions_configurator] nbextension 'load_tex_macros/main' has duplicate listings in both '/anaconda3/share/jupyter/nbextensions/load_tex_macros/load_tex_macros.yaml' and '/Users/ed/Library/Jupyter/nbextensions/load_tex_macros/load_tex_macros.yaml'
[W 15:10:42.179 NotebookApp] [jupyter_nbextensions_configurator] nbextension 'hide_header/main' has duplicate listings in both '/anaconda3/share/jupyter/nbextensions/hide_header/hide_header.yaml' and '/Users/ed/Library/Jupyter/nbextensions/hide_header/hide_header.yaml'
[I 15:10:47.251 NotebookApp] Kernel started: d00114c9-53b3-45cc-9e5c-65b54dd4f46c
[I 15:10:59.518 NotebookApp] Saving file at /CF.ipynb
[I 15:11:23.019 NotebookApp] Saving file at /CF.ipynb
